[2026-01-13 16:33:00] ============================================================
[2026-01-13 16:33:00] INÍCIO DO PIPELINE
[2026-01-13 16:33:00] ============================================================
[2026-01-13 16:33:00] 
[Etapa 1/2] Coleta EOD
[2026-01-13 16:33:00] ------------------------------------------------------------
[2026-01-13 16:33:00] Executando fetch_eod.py...
[2026-01-13 16:33:34] ✓ fetch_eod.py concluído
[2026-01-13 16:33:34] 
[Etapa 2/2] Coleta Fundamentals
[2026-01-13 16:33:34] ------------------------------------------------------------
[2026-01-13 16:33:34] Executando fetch_fundamentals.py...
[2026-01-13 16:33:34] ✗ fetch_fundamentals.py falhou: /Users/lucasmazagao/Documents/quant/.venv/bin/python: can't open file '/Users/lucasmazagao/Documents/quant/scripts/fetch_fundamentals.py': [Errno 2] No such file or directory

[2026-01-13 16:33:34] ✗ Pipeline interrompido em: Coleta Fundamentals
[2026-01-13 16:36:35] 
[Etapa 1/2] Coleta EOD
[2026-01-13 16:36:35] Executando fetch_eod.py
[2026-01-13 16:36:45] fetch_eod.py concluído
[2026-01-13 16:36:45] Etapa concluída: Coleta EOD
[2026-01-13 16:36:45] 
[Etapa 2/2] Coleta Fundamentals
[2026-01-13 16:36:45] Executando fetch_fundamentals.py
[2026-01-13 16:36:45] fetch_fundamentals.py falhou: /Users/lucasmazagao/Documents/quant/.venv/bin/python: can't open file '/Users/lucasmazagao/Documents/quant/scripts/fetch_fundamentals.py': [Errno 2] No such file or directory

[2026-01-13 16:36:45] Pipeline interrompido em: Coleta Fundamentals
[2026-01-13 16:41:18] 
[Etapa 1/2] Coleta EOD
[2026-01-13 16:41:18] Executando fetch_eod.py
[2026-01-13 16:41:28] fetch_eod.py concluído
[2026-01-13 16:41:28] Etapa concluída: Coleta EOD
[2026-01-13 16:41:28] 
[Etapa 2/2] Coleta Fundamentals
[2026-01-13 16:41:28] Executando fetch_eod.py
[2026-01-13 16:41:37] fetch_eod.py concluído
[2026-01-13 16:41:37] Etapa concluída: Coleta Fundamentals
